<?xml version="1.0" encoding="UTF-8"?>
<robot generator="Robot 3.2.2 (Python 3.9.1 on win32)" generated="20210204 18:33:46.740" rpa="false">
<suite id="s1" name="04022020" source="C:\Users\ABDEL\eclipse-workspace\04022020">
<suite id="s1-s1" name="Testcases" source="C:\Users\ABDEL\eclipse-workspace\04022020\testcases">
<suite id="s1-s1-s1" name="Test1" source="C:\Users\ABDEL\eclipse-workspace\04022020\testcases\Test1.robot">
<test id="s1-s1-s1-t1" name="T001 Login Test">
<kw name="Open Browser" library="SeleniumLibrary">
<doc>Opens a new browser instance to the optional ``url``.</doc>
<arguments>
<arg>https://opensource-demo.orangehrmlive.com/</arg>
<arg>gc</arg>
</arguments>
<msg timestamp="20210204 18:33:47.316" level="INFO">Opening browser 'gc' to base url 'https://opensource-demo.orangehrmlive.com/'.</msg>
<status status="PASS" starttime="20210204 18:33:47.315" endtime="20210204 18:33:50.701"></status>
</kw>
<kw name="Maximize Browser Window" library="SeleniumLibrary">
<doc>Maximizes current browser window.</doc>
<status status="PASS" starttime="20210204 18:33:50.702" endtime="20210204 18:33:50.827"></status>
</kw>
<kw name="Set Selenium Speed" library="SeleniumLibrary">
<doc>Sets the delay that is waited after each Selenium command.</doc>
<arguments>
<arg>5s</arg>
</arguments>
<status status="PASS" starttime="20210204 18:33:50.827" endtime="20210204 18:33:50.828"></status>
</kw>
<kw name="Input Text" library="SeleniumLibrary">
<doc>Types the given ``text`` into the text field identified by ``locator``.</doc>
<arguments>
<arg>locator</arg>
<arg>text</arg>
</arguments>
<msg timestamp="20210204 18:33:50.830" level="INFO">Typing text 'text' into text field 'locator'.</msg>
<kw name="Capture Page Screenshot" library="SeleniumLibrary">
<doc>Takes a screenshot of the current page and embeds it into a log file.</doc>
<msg timestamp="20210204 18:34:01.317" level="INFO" html="yes">&lt;/td&gt;&lt;/tr&gt;&lt;tr&gt;&lt;td colspan="3"&gt;&lt;a href="selenium-screenshot-1.png"&gt;&lt;img src="selenium-screenshot-1.png" width="800px"&gt;&lt;/a&gt;</msg>
<status status="PASS" starttime="20210204 18:33:55.895" endtime="20210204 18:34:01.318"></status>
</kw>
<msg timestamp="20210204 18:34:01.321" level="FAIL">Element with locator 'locator' not found.</msg>
<status status="FAIL" starttime="20210204 18:33:50.829" endtime="20210204 18:34:01.322"></status>
</kw>
<status status="FAIL" starttime="20210204 18:33:47.314" endtime="20210204 18:34:01.322" critical="yes">Element with locator 'locator' not found.</status>
</test>
<status status="FAIL" starttime="20210204 18:33:46.892" endtime="20210204 18:34:01.323"></status>
</suite>
<status status="FAIL" starttime="20210204 18:33:46.878" endtime="20210204 18:34:01.326"></status>
</suite>
<status status="FAIL" starttime="20210204 18:33:46.811" endtime="20210204 18:34:01.329"></status>
</suite>
<statistics>
<total>
<stat pass="0" fail="1">Critical Tests</stat>
<stat pass="0" fail="1">All Tests</stat>
</total>
<tag>
</tag>
<suite>
<stat pass="0" fail="1" id="s1" name="04022020">04022020</stat>
<stat pass="0" fail="1" id="s1-s1" name="Testcases">04022020.Testcases</stat>
<stat pass="0" fail="1" id="s1-s1-s1" name="Test1">04022020.Testcases.Test1</stat>
</suite>
</statistics>
<errors>
</errors>
</robot>
